0 info it worked if it ends with ok
1 verbose cli [ 'C:\\Program Files\\nodejs\\node.exe',
1 verbose cli   'C:\\Users\\huaijiangtao\\AppData\\Roaming\\npm\\node_modules\\npm\\bin\\npm-cli.js',
1 verbose cli   'publish' ]
2 info using npm@3.10.9
3 info using node@v10.15.1
4 verbose publish [ '.' ]
5 silly cache add args [ '.', null ]
6 verbose cache add spec .
7 silly cache add parsed spec Result {
7 silly cache add   raw: '.',
7 silly cache add   scope: null,
7 silly cache add   escapedName: null,
7 silly cache add   name: null,
7 silly cache add   rawSpec: '.',
7 silly cache add   spec: 'E:\\npm\\bfo-jsbridge',
7 silly cache add   type: 'directory' }
8 verbose addLocalDirectory C:\Users\huaijiangtao\AppData\Roaming\npm-cache\bfo-jsbridge\1.0.0\package.tgz not in flight; packing
9 verbose correctMkdir C:\Users\huaijiangtao\AppData\Roaming\npm-cache correctMkdir not in flight; initializing
10 info lifecycle bfo-jsbridge@1.0.0~prepublish: bfo-jsbridge@1.0.0
11 silly lifecycle bfo-jsbridge@1.0.0~prepublish: no script for prepublish, continuing
12 verbose tar pack [ 'C:\\Users\\huaijiangtao\\AppData\\Roaming\\npm-cache\\bfo-jsbridge\\1.0.0\\package.tgz',
12 verbose tar pack   'E:\\npm\\bfo-jsbridge' ]
13 verbose tarball C:\Users\huaijiangtao\AppData\Roaming\npm-cache\bfo-jsbridge\1.0.0\package.tgz
14 verbose folder E:\npm\bfo-jsbridge
15 verbose addLocalTarball adding from inside cache C:\Users\huaijiangtao\AppData\Roaming\npm-cache\bfo-jsbridge\1.0.0\package.tgz
16 verbose correctMkdir C:\Users\huaijiangtao\AppData\Roaming\npm-cache correctMkdir not in flight; initializing
17 silly cache afterAdd bfo-jsbridge@1.0.0
18 verbose afterAdd C:\Users\huaijiangtao\AppData\Roaming\npm-cache\bfo-jsbridge\1.0.0\package\package.json not in flight; writing
19 verbose correctMkdir C:\Users\huaijiangtao\AppData\Roaming\npm-cache correctMkdir not in flight; initializing
20 verbose afterAdd C:\Users\huaijiangtao\AppData\Roaming\npm-cache\bfo-jsbridge\1.0.0\package\package.json written
21 silly publish { name: 'bfo-jsbridge',
21 silly publish   version: '1.0.0',
21 silly publish   description: 'BFO-JS-Bridge-SDK，JS部分。',
21 silly publish   main: 'index.js',
21 silly publish   scripts:
21 silly publish    { test: 'echo "Error: no test specified" && exit 1',
21 silly publish      build: 'grunt build' },
21 silly publish   keywords: [ 'bfo', 'jsbridge' ],
21 silly publish   author: { name: 'huai' },
21 silly publish   license: 'MIT',
21 silly publish   devDependencies:
21 silly publish    { grunt: '^1.0.4',
21 silly publish      'grunt-cli': '^1.3.2',
21 silly publish      'grunt-contrib-clean': '^2.0.0',
21 silly publish      'grunt-contrib-uglify': '^4.0.1',
21 silly publish      'load-grunt-tasks': '^5.1.0' },
21 silly publish   repository:
21 silly publish    { type: 'git',
21 silly publish      url: 'git+https: //github.com/HuaiJiangTao/bfo-jsbridge.git' },
21 silly publish   bugs:
21 silly publish    { url: 'https://github.com/HuaiJiangTao/bfo-jsbridge/issues' },
21 silly publish   homepage:
21 silly publish    'https://github.com/HuaiJiangTao/bfo-jsbridge/blob/master/README.md',
21 silly publish   readmeFilename: 'README.md',
21 silly publish   readme:
21 silly publish    '## 背景说明\r\n1. 项目为设计的JSbridge方案中的JS SDK部分；\r\n2. 目的：统一H5页面与Native客户端交互形式\r\n\r\n\r\n## 目录结构\r\n\r\n```\r\n├── dist // 打包压缩后文件目录\r\n│   └── index.js // 压缩后文件\r\n│\r\n├── src // 原代码目录\r\n│   └──index.js // 原代码入口目录\r\n│\r\n├── index.js // 入口文件\r\n```\r\n\r\n## Commands\r\n\r\n### npm run build \r\n\r\n本地构建，在根目录`dist`下生成打包压缩文件`index.js`\r\n\r\n## JS SDK接口文档说明\r\nJS SDK会暴露一个名为`_SG_BFO_callNativeMethod_`的方法，供H5页面调用客户端。\r\n\r\n#### 方法\r\n`_SG_BFO_callNativeMethod_(methodName, params, callback)`\r\n\r\n#### 参数\r\n该方法接受3个参数：`methodName` `params` `callback`\r\n\r\n##### methodName\r\n`必要参数` `String`\r\nH5调用客户端的方法名，业务双端`客户端与H5`开发约定。\r\n##### params\r\n`非必要参数` `JSON`\r\n业务双端约定的`methodName`调用时所需的请求参数，格式为`JSON`；无请求参数时，省略不传。\r\n##### callback\r\n`非必要参数` `Function`\r\n业务双端约定的`methodName`需要回调时，需传递一个类型为`Function`的参数；无需回调时，省略不传。\r\n\r\n#### 示例\r\n根据以上文档，我们可以明确存在以下调用形式：\r\n\r\n##### 1. 有请求参数，需要回调\r\n```\r\nwindow._SG_BFO_callNativeMethod_(\'doSomeThing\', { \r\n        paramA: 1, \r\n        param: \'text\' \r\n    }, function(data){ \r\n        console.log(data); \r\n    }\r\n)\r\n```\r\n\r\n##### 2. 有请求参数，无需回调\r\n```\r\nwindow._SG_BFO_callNativeMethod_(\'doSomeThingWithParams\', { \r\n        paramA: 1, \r\n        param: \'text\' \r\n    }\r\n)\r\n```\r\n\r\n##### 3. 无请求参数，需要回调\r\n```\r\nwindow._SG_BFO_callNativeMethod_(\'doSomeThingWithCallback\', function(data){ \r\n        console.log(data);\r\n    }\r\n)\r\n```\r\n\r\n##### 4. 无请求参数，无需回调\r\n```\r\nwindow._SG_BFO_callNativeMethod_(\'doSomethingWithoutParamsAndCallback\')\r\n```\r\n#### 回调返回值\r\n\r\n\r\n| 字段名  |  数据类型 | 含义  |\r\n| ---------- | :-----------:  | :-----------: |\r\n| code | Number | 接口调用状态 0:成功 | \r\n| data | Any | 业务接口返回值，取决于业务 | \r\n| message | String | 接口调用说明 |\r\n\r\n',
21 silly publish   gitHead: 'd8be62730ce5abe4f15f1ce07fe1778751f1c268',
21 silly publish   _id: 'bfo-jsbridge@1.0.0',
21 silly publish   _shasum: '4e49e895f4aeb4e37a827cdb8ce397d934dec205',
21 silly publish   _from: '.' }
22 verbose getPublishConfig undefined
23 silly mapToRegistry name bfo-jsbridge
24 silly mapToRegistry using default registry
25 silly mapToRegistry registry https://registry.npmjs.org/
26 silly mapToRegistry data Result {
26 silly mapToRegistry   raw: 'bfo-jsbridge',
26 silly mapToRegistry   scope: null,
26 silly mapToRegistry   escapedName: 'bfo-jsbridge',
26 silly mapToRegistry   name: 'bfo-jsbridge',
26 silly mapToRegistry   rawSpec: '',
26 silly mapToRegistry   spec: 'latest',
26 silly mapToRegistry   type: 'tag' }
27 silly mapToRegistry uri https://registry.npmjs.org/bfo-jsbridge
28 verbose publish registryBase https://registry.npmjs.org/
29 silly publish uploading C:\Users\huaijiangtao\AppData\Roaming\npm-cache\bfo-jsbridge\1.0.0\package.tgz
30 verbose request uri https://registry.npmjs.org/bfo-jsbridge
31 verbose request sending authorization for write operation
32 info attempt registry request try #1 at 16:39:07
33 verbose request using bearer token for auth
34 verbose request id 825cce766cf3619c
35 http request PUT https://registry.npmjs.org/bfo-jsbridge
36 http 403 https://registry.npmjs.org/bfo-jsbridge
37 verbose headers { date: 'Mon, 09 Sep 2019 08:39:07 GMT',
37 verbose headers   'content-type': 'application/json',
37 verbose headers   'transfer-encoding': 'chunked',
37 verbose headers   connection: 'keep-alive',
37 verbose headers   'set-cookie':
37 verbose headers    [ '__cfduid=df75d504fbedae8ffeefe9ffa59b1fbfc1568018347; expires=Tue, 08-Sep-20 08:39:07 GMT; path=/; domain=.npmjs.org; HttpOnly' ],
37 verbose headers   'cf-ray': '5137d990ca443383-HKG',
37 verbose headers   'expect-ct':
37 verbose headers    'max-age=604800, report-uri="https://report-uri.cloudflare.com/cdn-cgi/beacon/expect-ct"',
37 verbose headers   vary: 'Accept-Encoding',
37 verbose headers   server: 'cloudflare',
37 verbose headers   'content-encoding': 'gzip' }
38 verbose request invalidating C:\Users\huaijiangtao\AppData\Roaming\npm-cache\registry.npmjs.org\bfo-jsbridge on PUT
39 error publish Failed PUT 403
40 verbose stack Error: You cannot publish over the previously published versions: 1.0.0. : bfo-jsbridge
40 verbose stack     at makeError (C:\Users\huaijiangtao\AppData\Roaming\npm\node_modules\npm\node_modules\npm-registry-client\lib\request.js:302:12)
40 verbose stack     at CachingRegistryClient.<anonymous> (C:\Users\huaijiangtao\AppData\Roaming\npm\node_modules\npm\node_modules\npm-registry-client\lib\request.js:290:14)
40 verbose stack     at Gunzip.cb (C:\Users\huaijiangtao\AppData\Roaming\npm\node_modules\npm\node_modules\npm-registry-client\lib\request.js:216:7)
40 verbose stack     at Gunzip.zlibBufferOnEnd (zlib.js:123:10)
40 verbose stack     at Gunzip.emit (events.js:194:15)
40 verbose stack     at endReadableNT (_stream_readable.js:1103:12)
40 verbose stack     at process._tickCallback (internal/process/next_tick.js:63:19)
41 verbose statusCode 403
42 verbose pkgid bfo-jsbridge
43 verbose cwd E:\npm\bfo-jsbridge
44 error Windows_NT 6.1.7601
45 error argv "C:\\Program Files\\nodejs\\node.exe" "C:\\Users\\huaijiangtao\\AppData\\Roaming\\npm\\node_modules\\npm\\bin\\npm-cli.js" "publish"
46 error node v10.15.1
47 error npm  v3.10.9
48 error code E403
49 error You cannot publish over the previously published versions: 1.0.0. : bfo-jsbridge
50 error If you need help, you may report this error at:
50 error     <https://github.com/npm/npm/issues>
51 verbose exit [ 1, true ]
